<?xml version="1.0" encoding="UTF-8"?>
<!-- Generated by org.testng.reporters.JUnitReportReporter -->
<testsuite skipped="0" hostname="sam-pc" name="com.myproject.imdb.topMovies" tests="1" failures="0" timestamp="29 Apr 2018 19:43:22 GMT" time="3.323" errors="0">
  <testcase name="getTopMovies" time="3.323" classname="com.myproject.imdb.topMovies"/>
</testsuite> <!-- com.myproject.imdb.topMovies -->
