<?xml version="1.0" encoding="UTF-8"?>
<!-- Generated by org.testng.reporters.JUnitReportReporter -->
<testsuite skipped="0" hostname="sam-pc" name="com.myproject.imdb.topMovies" tests="1" failures="0" timestamp="23 May 2018 16:46:29 GMT" time="3.950" errors="0">
  <testcase name="getTopMovies" time="3.950" classname="com.myproject.imdb.topMovies"/>
</testsuite> <!-- com.myproject.imdb.topMovies -->
