<?xml version="1.0" encoding="UTF-8"?>
<!-- Generated by org.testng.reporters.JUnitReportReporter -->
<testsuite skipped="0" hostname="sam-pc" name="com.logintestCucumber.newCucuLogin.runner.runner" tests="1" failures="0" timestamp="01 Jul 2018 10:57:58 GMT" time="6.368" errors="0">
  <testcase name="feature" time="6.368" classname="com.logintestCucumber.newCucuLogin.runner.runner"/>
</testsuite> <!-- com.logintestCucumber.newCucuLogin.runner.runner -->
