<?xml version="1.0" encoding="UTF-8"?>
<!-- Generated by org.testng.reporters.JUnitReportReporter -->
<testsuite skipped="0" hostname="sam-pc" name="org.companyname.projectname.WebSrvcAutomation.SampleWebSvcTest" tests="1" failures="0" timestamp="07 Apr 2018 14:27:29 GMT" time="0.007" errors="0">
  <testcase name="simpleTest" time="0.007" classname="org.companyname.projectname.WebSrvcAutomation.SampleWebSvcTest"/>
</testsuite> <!-- org.companyname.projectname.WebSrvcAutomation.SampleWebSvcTest -->
