<?xml version="1.0" encoding="UTF-8"?>
<!-- Generated by org.testng.reporters.JUnitReportReporter -->
<testsuite skipped="0" hostname="sam-pc" name="com.example.ParallelTestingGrid.ParallelTest" tests="7" failures="0" timestamp="05 Jul 2018 09:55:09 GMT" time="32.704" errors="1">
  <testcase name="secondChrome" time="2.707" classname="com.example.ParallelTestingGrid.ParallelTest"/>
  <testcase name="third" time="7.910" classname="com.example.ParallelTestingGrid.ParallelTest"/>
  <testcase name="firstChrome" time="2.732" classname="com.example.ParallelTestingGrid.ParallelTest"/>
  <testcase name="afterClassMethod" time="1.517" classname="com.example.ParallelTestingGrid.ParallelTest">
    <error type="java.lang.NullPointerException">
      <![CDATA[java.lang.NullPointerException
at com.example.ParallelTestingGrid.ParallelTest.afterClassMethod(ParallelTest.java:113)
at sun.reflect.NativeMethodAccessorImpl.invoke0(Native Method)
at sun.reflect.NativeMethodAccessorImpl.invoke(NativeMethodAccessorImpl.java:62)
at sun.reflect.DelegatingMethodAccessorImpl.invoke(DelegatingMethodAccessorImpl.java:43)
at java.lang.reflect.Method.invoke(Method.java:498)
at org.testng.internal.MethodInvocationHelper.invokeMethod(MethodInvocationHelper.java:124)
at org.testng.internal.MethodInvocationHelper.invokeMethodConsideringTimeout(MethodInvocationHelper.java:59)
at org.testng.internal.Invoker.invokeConfigurationMethod(Invoker.java:458)
at org.testng.internal.Invoker.invokeConfigurations(Invoker.java:222)
at org.testng.internal.Invoker.invokeConfigurations(Invoker.java:142)
at org.testng.internal.TestMethodWorker.invokeAfterClassMethods(TestMethodWorker.java:214)
at org.testng.internal.TestMethodWorker.run(TestMethodWorker.java:111)
at java.util.concurrent.ThreadPoolExecutor.runWorker(ThreadPoolExecutor.java:1149)
at java.util.concurrent.ThreadPoolExecutor$Worker.run(ThreadPoolExecutor.java:624)
at java.lang.Thread.run(Thread.java:748)
]]>
    </error>
  </testcase> <!-- afterClassMethod -->
  <testcase name="second" time="7.922" classname="com.example.ParallelTestingGrid.ParallelTest"/>
  <testcase name="thirdChrome" time="2.019" classname="com.example.ParallelTestingGrid.ParallelTest"/>
  <testcase name="first" time="7.897" classname="com.example.ParallelTestingGrid.ParallelTest"/>
</testsuite> <!-- com.example.ParallelTestingGrid.ParallelTest -->
