<?xml version="1.0" encoding="UTF-8"?>
<!-- Generated by org.testng.reporters.JUnitReportReporter -->
<testsuite skipped="0" hostname="sam-pc" name="com.hellofresh.runner.Runner$runner" tests="1" failures="0" timestamp="08 Jul 2018 19:31:26 GMT" time="33.872" errors="0">
  <testcase name="feature" time="33.872" classname="com.hellofresh.runner.Runner$runner"/>
</testsuite> <!-- com.hellofresh.runner.Runner$runner -->
