<?xml version="1.0" encoding="UTF-8"?>
<!-- Generated by org.testng.reporters.JUnitReportReporter -->
<testsuite skipped="0" hostname="sam-pc" name="com.myproject.simpleProj.sampleTest" tests="1" failures="0" timestamp="22 Apr 2018 20:15:45 GMT" time="0.011" errors="0">
  <testcase name="simpleMethod" time="0.011" classname="com.myproject.simpleProj.sampleTest"/>
</testsuite> <!-- com.myproject.simpleProj.sampleTest -->
