<?xml version="1.0" encoding="UTF-8"?>
<!-- Generated by org.testng.reporters.JUnitReportReporter -->
<testsuite skipped="0" hostname="sam-pc" name="com.myproject.simpleProj.AppTest" tests="1" failures="0" timestamp="22 Apr 2018 19:58:19 GMT" time="0.009" errors="0">
  <testcase name="testApp" time="0.009" classname="com.myproject.simpleProj.AppTest"/>
</testsuite> <!-- com.myproject.simpleProj.AppTest -->
