<?xml version="1.0" encoding="UTF-8"?>
<!-- Generated by org.testng.reporters.JUnitReportReporter -->
<testsuite skipped="0" hostname="sam-pc" name="org.companyname.projectname.WebSrvcAutomation.prop" tests="1" failures="0" timestamp="08 Apr 2018 19:45:58 GMT" time="0.010" errors="0">
  <testcase name="getPropsforme" time="0.010" classname="org.companyname.projectname.WebSrvcAutomation.prop"/>
</testsuite> <!-- org.companyname.projectname.WebSrvcAutomation.prop -->
