<?xml version="1.0" encoding="UTF-8"?>
<!-- Generated by org.testng.reporters.JUnitReportReporter -->
<testsuite skipped="0" hostname="sam-pc" name="testPkg.temp2" tests="1" failures="0" timestamp="25 Mar 2018 16:02:28 GMT" time="0.002" errors="0">
  <testcase name="hello3" time="0.002" classname="testPkg.temp2"/>
</testsuite> <!-- testPkg.temp2 -->
