<?xml version="1.0" encoding="UTF-8"?>
<!-- Generated by org.testng.reporters.JUnitReportReporter -->
<testsuite skipped="0" hostname="sam-pc" name="testPkg.HelloWorld" tests="2" failures="0" timestamp="25 Mar 2018 16:02:28 GMT" time="0.015" errors="0">
  <testcase name="helloWorld2" time="0.002" classname="testPkg.HelloWorld"/>
  <testcase name="helloWorld" time="0.013" classname="testPkg.HelloWorld"/>
</testsuite> <!-- testPkg.HelloWorld -->
