<?xml version="1.0" encoding="UTF-8"?>
<!-- Generated by org.testng.reporters.JUnitReportReporter -->
<testsuite skipped="0" hostname="sam-pc" name="com.myprject.mymm.PassTest" tests="1" failures="0" timestamp="22 Jun 2018 19:56:52 GMT" time="0.012" errors="0">
  <testcase name="testToPass" time="0.012" classname="com.myprject.mymm.PassTest"/>
</testsuite> <!-- com.myprject.mymm.PassTest -->
